Flutter crash report.
Please report a bug at https://github.com/flutter/flutter/issues.

## command

flutter run

## exception

ProcessException: ProcessException: Process exited abnormally:
adb.exe: error: more than one device/emulator
  Command: C:\Users\micha\AppData\Local\Android\sdk\platform-tools\adb.exe -s 192.168.109.102:5555 forward --remove tcp:56089

```
#0      RunResult.throwException (package:flutter_tools/src/base/process.dart:172:5)
#1      AndroidDevicePortForwarder.unforward (package:flutter_tools/src/android/android_device.dart:1334:15)
<asynchronous suspension>
#2      AndroidDevicePortForwarder.dispose (package:flutter_tools/src/android/android_device.dart:1340:13)
#3      AndroidDevice.dispose (package:flutter_tools/src/android/android_device.dart:838:27)
#4      HotRunner.cleanupAtFinish (package:flutter_tools/src/run_hot.dart:1163:34)
#5      ResidentRunner.waitForAppToFinish (package:flutter_tools/src/resident_runner.dart:1315:11)
<asynchronous suspension>
#6      HotRunner.attach (package:flutter_tools/src/run_hot.dart:289:22)
#7      _rootRunUnary (dart:async/zone.dart:1198:47)
#8      _CustomZone.runUnary (dart:async/zone.dart:1100:19)
#9      _FutureListener.handleValue (dart:async/future_impl.dart:143:18)
#10     Future._propagateToListeners.handleValueCallback (dart:async/future_impl.dart:696:45)
#11     Future._propagateToListeners (dart:async/future_impl.dart:725:32)
#12     Future._completeWithValue (dart:async/future_impl.dart:529:5)
#13     _AsyncAwaitCompleter.complete (dart:async-patch/async_patch.dart:40:15)
#14     _completeOnAsyncReturn (dart:async-patch/async_patch.dart:311:13)
#15     FlutterVmService.getFlutterViews (package:flutter_tools/src/vmservice.dart)
#16     _rootRunUnary (dart:async/zone.dart:1198:47)
#17     _CustomZone.runUnary (dart:async/zone.dart:1100:19)
#18     _FutureListener.handleValue (dart:async/future_impl.dart:143:18)
#19     Future._propagateToListeners.handleValueCallback (dart:async/future_impl.dart:696:45)
#20     Future._propagateToListeners (dart:async/future_impl.dart:725:32)
#21     Future._completeWithValue (dart:async/future_impl.dart:529:5)
#22     Future._asyncCompleteWithValue.<anonymous closure> (dart:async/future_impl.dart:567:7)
#23     _rootRun (dart:async/zone.dart:1190:13)
#24     _CustomZone.run (dart:async/zone.dart:1093:19)
#25     _CustomZone.runGuarded (dart:async/zone.dart:997:7)
#26     _CustomZone.bindCallbackGuarded.<anonymous closure> (dart:async/zone.dart:1037:23)
#27     _microtaskLoop (dart:async/schedule_microtask.dart:41:21)
#28     _startMicrotaskLoop (dart:async/schedule_microtask.dart:50:5)
#29     _runPendingImmediateCallback (dart:isolate-patch/isolate_patch.dart:118:13)
#30     _RawReceivePortImpl._handleMessage (dart:isolate-patch/isolate_patch.dart:169:5)
```

## flutter doctor

```
[✓] Flutter (Channel stable, 1.22.1, on Microsoft Windows [Version 10.0.18363.1198], locale en-US)
    • Flutter version 1.22.1 at C:\src\flutter
    • Framework revision f30b7f4db9 (5 weeks ago), 2020-10-08 10:06:30 -0700
    • Engine revision 75bef9f6c8
    • Dart version 2.10.1

[✓] Android toolchain - develop for Android devices (Android SDK version 29.0.2)
    • Android SDK at C:\Users\micha\AppData\Local\Android\sdk
    • Platform android-29, build-tools 29.0.2
    • Java binary at: C:\Program Files\Android\Android Studio\jre\bin\java
    • Java version OpenJDK Runtime Environment (build 1.8.0_202-release-1483-b03)
    • All Android licenses accepted.

[✓] Android Studio (version 3.5)
    • Android Studio at C:\Program Files\Android\Android Studio
    • Flutter plugin version 43.0.1
    • Dart plugin version 191.8593
    • Java version OpenJDK Runtime Environment (build 1.8.0_202-release-1483-b03)

[✓] VS Code (version 1.51.1)
    • VS Code at C:\Users\micha\AppData\Local\Programs\Microsoft VS Code
    • Flutter extension version 3.16.0

[✓] Connected device (1 available)
    • Xiaomi Redmi Note 7 (mobile) • 192.168.109.102:5555 • android-x86 • Android 9 (API 28)

• No issues found!
```
